
2018-7-8 00:54:00

Operating System
  Name                        = Mac OS X
  Version                     = 10.13.5
  Architecture                = 64bit
  # CPUs                      = 8
  Memory                      = 17179869184

Node.js
  Node.js Version             = 8.9.2
  npm Version                 = 5.5.1

Titanium CLI
  CLI Version                 = 5.1.1

Titanium SDK
  SDK Version                 = 7.0.1.GA
  SDK Path                    = /Users/maartendreves/Library/Application Support/Titanium/mobilesdk/osx/7.0.1.GA
  Target Platform             = iphone

Command
  /usr/local/bin/node /Users/maartendreves/.appcelerator/install/7.0.4/package/node_modules/titanium/lib/titanium.js build --sdk 7.0.1.GA --no-banner --liveview --config-file /var/folders/2m/g1r4w0y56j7c3wwrcb8b1c780000gn/T/build-1531004033377.json --platform iphone --project-dir /Users/maartendreves/Apps/Projects/6i.menus --log-level trace --device-id 2857D3C1-2571-4234-A7D7-4F7A2BA63C82 --target simulator --no-banner

[TRACE]  [ioslib] Validating iOS Simulator UDID 2857D3C1-2571-4234-A7D7-4F7A2BA63C82
[TRACE]  [ioslib] Found iOS Simulator UDID 2857D3C1-2571-4234-A7D7-4F7A2BA63C82
[TRACE]  [ioslib] Selected iOS Simulator: iPhone X
[TRACE]  [ioslib]   UDID    = 2857D3C1-2571-4234-A7D7-4F7A2BA63C82
[TRACE]  [ioslib]   iOS     = 11.4
[TRACE]  [ioslib] Autoselected Xcode: 9.4.1
[DEBUG]  Detecting modules in /Users/maartendreves/Apps/Projects/6i.menus/modules
[DEBUG]  Detecting modules in /Users/maartendreves/Library/Application Support/Titanium/modules
[DEBUG]  Detected android module: facebook 3.0.1 @ /Users/maartendreves/Library/Application Support/Titanium/modules/android/facebook/3.0.1
[DEBUG]  Detected android module: facebook 3.0.2 @ /Users/maartendreves/Library/Application Support/Titanium/modules/android/facebook/3.0.2
[DEBUG]  Detected android module: facebook 3.0.3 @ /Users/maartendreves/Library/Application Support/Titanium/modules/android/facebook/3.0.3
[DEBUG]  Detected android module: facebook 6.1.0 @ /Users/maartendreves/Library/Application Support/Titanium/modules/android/facebook/6.1.0
[DEBUG]  Detected android module: facebook 6.2.0 @ /Users/maartendreves/Library/Application Support/Titanium/modules/android/facebook/6.2.0
[DEBUG]  Detected android module: facebook 7.0.0 @ /Users/maartendreves/Library/Application Support/Titanium/modules/android/facebook/7.0.0
[DEBUG]  Detected android module: facebook 7.1.0 @ /Users/maartendreves/Library/Application Support/Titanium/modules/android/facebook/7.1.0
[DEBUG]  Detected android module: hyperloop 1.2.8 @ /Users/maartendreves/Library/Application Support/Titanium/modules/android/hyperloop/1.2.8
[DEBUG]  Detected android module: hyperloop 2.1.3 @ /Users/maartendreves/Library/Application Support/Titanium/modules/android/hyperloop/2.1.3
[DEBUG]  Detected android module: hyperloop 2.2.2 @ /Users/maartendreves/Library/Application Support/Titanium/modules/android/hyperloop/2.2.2
[DEBUG]  Detected android module: hyperloop 2.2.3 @ /Users/maartendreves/Library/Application Support/Titanium/modules/android/hyperloop/2.2.3
[DEBUG]  Detected android module: hyperloop 3.0.1 @ /Users/maartendreves/Library/Application Support/Titanium/modules/android/hyperloop/3.0.1
[DEBUG]  Detected android module: hyperloop 3.0.5 @ /Users/maartendreves/Library/Application Support/Titanium/modules/android/hyperloop/3.0.5
[DEBUG]  Detected android module: ti.cloudpush 2.3.2 @ /Users/maartendreves/Library/Application Support/Titanium/modules/android/ti.cloudpush/2.3.2
[DEBUG]  Detected android module: ti.cloudpush 3.2.1 @ /Users/maartendreves/Library/Application Support/Titanium/modules/android/ti.cloudpush/3.2.1
[DEBUG]  Detected android module: ti.cloudpush 3.3.3 @ /Users/maartendreves/Library/Application Support/Titanium/modules/android/ti.cloudpush/3.3.3
[DEBUG]  Detected android module: ti.cloudpush 3.3.4 @ /Users/maartendreves/Library/Application Support/Titanium/modules/android/ti.cloudpush/3.3.4
[DEBUG]  Detected android module: ti.cloudpush 3.3.7 @ /Users/maartendreves/Library/Application Support/Titanium/modules/android/ti.cloudpush/3.3.7
[DEBUG]  Detected android module: ti.cloudpush 4.0.3 @ /Users/maartendreves/Library/Application Support/Titanium/modules/android/ti.cloudpush/4.0.3
[DEBUG]  Detected android module: ti.cloudpush 4.0.4 @ /Users/maartendreves/Library/Application Support/Titanium/modules/android/ti.cloudpush/4.0.4
[DEBUG]  Detected android module: ti.cloudpush 5.0.0 @ /Users/maartendreves/Library/Application Support/Titanium/modules/android/ti.cloudpush/5.0.0
[DEBUG]  Detected android module: ti.cloudpush 5.0.1 @ /Users/maartendreves/Library/Application Support/Titanium/modules/android/ti.cloudpush/5.0.1
[DEBUG]  Detected android module: ti.cloudpush 5.1.0 @ /Users/maartendreves/Library/Application Support/Titanium/modules/android/ti.cloudpush/5.1.0
[DEBUG]  Detected android module: ti.identity 1.0.0 @ /Users/maartendreves/Library/Application Support/Titanium/modules/android/ti.identity/1.0.0
[DEBUG]  Detected android module: ti.identity 2.0.0 @ /Users/maartendreves/Library/Application Support/Titanium/modules/android/ti.identity/2.0.0
[DEBUG]  Detected android module: ti.identity 2.1.0 @ /Users/maartendreves/Library/Application Support/Titanium/modules/android/ti.identity/2.1.0
[DEBUG]  Detected android module: ti.map 2.1.2 @ /Users/maartendreves/Library/Application Support/Titanium/modules/android/ti.map/2.1.2
[DEBUG]  Detected android module: ti.map 2.1.3 @ /Users/maartendreves/Library/Application Support/Titanium/modules/android/ti.map/2.1.3
[DEBUG]  Detected android module: ti.map 2.1.4 @ /Users/maartendreves/Library/Application Support/Titanium/modules/android/ti.map/2.1.4
[DEBUG]  Detected android module: ti.map 2.2.2 @ /Users/maartendreves/Library/Application Support/Titanium/modules/android/ti.map/2.2.2
[DEBUG]  Detected android module: ti.map 2.2.3 @ /Users/maartendreves/Library/Application Support/Titanium/modules/android/ti.map/2.2.3
[DEBUG]  Detected android module: ti.map 3.0.1 @ /Users/maartendreves/Library/Application Support/Titanium/modules/android/ti.map/3.0.1
[DEBUG]  Detected android module: ti.map 3.3.1 @ /Users/maartendreves/Library/Application Support/Titanium/modules/android/ti.map/3.3.1
[DEBUG]  Detected android module: ti.map 4.0.0 @ /Users/maartendreves/Library/Application Support/Titanium/modules/android/ti.map/4.0.0
[DEBUG]  Detected android module: ti.map 4.1.1 @ /Users/maartendreves/Library/Application Support/Titanium/modules/android/ti.map/4.1.1
[DEBUG]  Detected android module: ti.playservices 11.0.40 @ /Users/maartendreves/Library/Application Support/Titanium/modules/android/ti.playservices/11.0.40
[DEBUG]  Detected android module: ti.touchid 2.1.0 @ /Users/maartendreves/Library/Application Support/Titanium/modules/android/ti.touchid/2.1.0
[DEBUG]  Detected android module: ti.touchid 2.2.0 @ /Users/maartendreves/Library/Application Support/Titanium/modules/android/ti.touchid/2.2.0
[DEBUG]  Detected android module: ti.touchid 3.0.0 @ /Users/maartendreves/Library/Application Support/Titanium/modules/android/ti.touchid/3.0.0
[DEBUG]  Detected android module: ti.touchid 3.0.1 @ /Users/maartendreves/Library/Application Support/Titanium/modules/android/ti.touchid/3.0.1
[DEBUG]  Detected commonjs module: ti.cloud 2.3.7 @ /Users/maartendreves/Library/Application Support/Titanium/modules/commonjs/ti.cloud/2.3.7
[DEBUG]  Detected commonjs module: ti.cloud 3.2.1 @ /Users/maartendreves/Library/Application Support/Titanium/modules/commonjs/ti.cloud/3.2.1
[DEBUG]  Detected commonjs module: ti.cloud 3.2.11 @ /Users/maartendreves/Library/Application Support/Titanium/modules/commonjs/ti.cloud/3.2.11
[DEBUG]  Detected commonjs module: ti.cloud 3.2.2 @ /Users/maartendreves/Library/Application Support/Titanium/modules/commonjs/ti.cloud/3.2.2
[DEBUG]  Detected commonjs module: ti.cloud 3.2.7 @ /Users/maartendreves/Library/Application Support/Titanium/modules/commonjs/ti.cloud/3.2.7
[DEBUG]  Detected iphone module: com.appcelerator.urlSession 1.0.0 @ /Users/maartendreves/Library/Application Support/Titanium/modules/iphone/com.appcelerator.urlSession/1.0.0
[DEBUG]  Detected iphone module: com.appcelerator.urlSession 1.0.1 @ /Users/maartendreves/Library/Application Support/Titanium/modules/iphone/com.appcelerator.urlSession/1.0.1
[DEBUG]  Detected iphone module: com.appcelerator.urlSession 1.1.0 @ /Users/maartendreves/Library/Application Support/Titanium/modules/iphone/com.appcelerator.urlSession/1.1.0
[DEBUG]  Detected iphone module: com.appcelerator.urlSession 2.1.0 @ /Users/maartendreves/Library/Application Support/Titanium/modules/iphone/com.appcelerator.urlSession/2.1.0
[DEBUG]  Detected iphone module: facebook 3.1.1 @ /Users/maartendreves/Library/Application Support/Titanium/modules/iphone/facebook/3.1.1
[DEBUG]  Detected iphone module: facebook 3.2.0 @ /Users/maartendreves/Library/Application Support/Titanium/modules/iphone/facebook/3.2.0
[DEBUG]  Detected iphone module: facebook 5.4.0 @ /Users/maartendreves/Library/Application Support/Titanium/modules/iphone/facebook/5.4.0
[DEBUG]  Detected iphone module: facebook 5.6.0 @ /Users/maartendreves/Library/Application Support/Titanium/modules/iphone/facebook/5.6.0
[DEBUG]  Detected iphone module: facebook 5.7.0 @ /Users/maartendreves/Library/Application Support/Titanium/modules/iphone/facebook/5.7.0
[DEBUG]  Detected iphone module: hyperloop 1.2.8 @ /Users/maartendreves/Library/Application Support/Titanium/modules/iphone/hyperloop/1.2.8
[DEBUG]  Detected iphone module: hyperloop 2.1.3 @ /Users/maartendreves/Library/Application Support/Titanium/modules/iphone/hyperloop/2.1.3
[DEBUG]  Detected iphone module: hyperloop 2.2.2 @ /Users/maartendreves/Library/Application Support/Titanium/modules/iphone/hyperloop/2.2.2
[DEBUG]  Detected iphone module: hyperloop 2.2.3 @ /Users/maartendreves/Library/Application Support/Titanium/modules/iphone/hyperloop/2.2.3
[DEBUG]  Detected iphone module: hyperloop 3.0.1 @ /Users/maartendreves/Library/Application Support/Titanium/modules/iphone/hyperloop/3.0.1
[DEBUG]  Detected iphone module: hyperloop 3.0.5 @ /Users/maartendreves/Library/Application Support/Titanium/modules/iphone/hyperloop/3.0.5
[DEBUG]  Detected iphone module: ti.coremotion 1.0.1 @ /Users/maartendreves/Library/Application Support/Titanium/modules/iphone/ti.coremotion/1.0.1
[DEBUG]  Detected iphone module: ti.coremotion 1.1.0 @ /Users/maartendreves/Library/Application Support/Titanium/modules/iphone/ti.coremotion/1.1.0
[DEBUG]  Detected iphone module: ti.coremotion 2.0.1 @ /Users/maartendreves/Library/Application Support/Titanium/modules/iphone/ti.coremotion/2.0.1
[DEBUG]  Detected iphone module: ti.identity 1.0.1 @ /Users/maartendreves/Library/Application Support/Titanium/modules/iphone/ti.identity/1.0.1
[DEBUG]  Detected iphone module: ti.identity 1.0.3 @ /Users/maartendreves/Library/Application Support/Titanium/modules/iphone/ti.identity/1.0.3
[DEBUG]  Detected iphone module: ti.map 2.0.1 @ /Users/maartendreves/Library/Application Support/Titanium/modules/iphone/ti.map/2.0.1
[DEBUG]  Detected iphone module: ti.map 2.0.2 @ /Users/maartendreves/Library/Application Support/Titanium/modules/iphone/ti.map/2.0.2
[DEBUG]  Detected iphone module: ti.map 2.0.6 @ /Users/maartendreves/Library/Application Support/Titanium/modules/iphone/ti.map/2.0.6
[DEBUG]  Detected iphone module: ti.map 2.12.3 @ /Users/maartendreves/Library/Application Support/Titanium/modules/iphone/ti.map/2.12.3
[DEBUG]  Detected iphone module: ti.map 2.2.0 @ /Users/maartendreves/Library/Application Support/Titanium/modules/iphone/ti.map/2.2.0
[DEBUG]  Detected iphone module: ti.map 2.9.0 @ /Users/maartendreves/Library/Application Support/Titanium/modules/iphone/ti.map/2.9.0
[DEBUG]  Detected iphone module: ti.map 3.0.1 @ /Users/maartendreves/Library/Application Support/Titanium/modules/iphone/ti.map/3.0.1
[DEBUG]  Detected iphone module: ti.map 3.0.2 @ /Users/maartendreves/Library/Application Support/Titanium/modules/iphone/ti.map/3.0.2
[DEBUG]  Detected iphone module: ti.safaridialog 1.1.1 @ /Users/maartendreves/Library/Application Support/Titanium/modules/iphone/ti.safaridialog/1.1.1
[DEBUG]  Detected iphone module: ti.touchid 1.0.1 @ /Users/maartendreves/Library/Application Support/Titanium/modules/iphone/ti.touchid/1.0.1
[DEBUG]  Detected iphone module: ti.touchid 1.1.0 @ /Users/maartendreves/Library/Application Support/Titanium/modules/iphone/ti.touchid/1.1.0
[DEBUG]  Detected iphone module: ti.touchid 2.1.2 @ /Users/maartendreves/Library/Application Support/Titanium/modules/iphone/ti.touchid/2.1.2
[DEBUG]  Detected iphone module: ti.touchid 2.1.4 @ /Users/maartendreves/Library/Application Support/Titanium/modules/iphone/ti.touchid/2.1.4
[DEBUG]  Detected tizen module: tizen 3.0.0 @ /Users/maartendreves/Library/Application Support/Titanium/modules/tizen/tizen/3.0.0
[DEBUG]  Detected windows module: hyperloop 2.1.3 @ /Users/maartendreves/Library/Application Support/Titanium/modules/windows/hyperloop/2.1.3
[DEBUG]  Detected windows module: hyperloop 2.2.2 @ /Users/maartendreves/Library/Application Support/Titanium/modules/windows/hyperloop/2.2.2
[DEBUG]  Detected windows module: hyperloop 2.2.3 @ /Users/maartendreves/Library/Application Support/Titanium/modules/windows/hyperloop/2.2.3
[DEBUG]  Detected windows module: hyperloop 3.0.1 @ /Users/maartendreves/Library/Application Support/Titanium/modules/windows/hyperloop/3.0.1
[DEBUG]  Detected windows module: hyperloop 3.0.5 @ /Users/maartendreves/Library/Application Support/Titanium/modules/windows/hyperloop/3.0.5
[DEBUG]  Detecting plugins in /Users/maartendreves/Apps/Projects/6i.menus/plugins
[DEBUG]  Detected plugin: ti.alloy @ /Users/maartendreves/Apps/Projects/6i.menus/plugins/ti.alloy
[DEBUG]  Detecting plugins in /Users/maartendreves/Library/Application Support/Titanium/plugins
[DEBUG]  Detected plugin: hyperloop 1.2.8 @ /Users/maartendreves/Library/Application Support/Titanium/plugins/hyperloop/1.2.8
[DEBUG]  Detected plugin: hyperloop 2.1.3 @ /Users/maartendreves/Library/Application Support/Titanium/plugins/hyperloop/2.1.3
[DEBUG]  Detected plugin: hyperloop 2.2.2 @ /Users/maartendreves/Library/Application Support/Titanium/plugins/hyperloop/2.2.2
[DEBUG]  Detected plugin: hyperloop 2.2.3 @ /Users/maartendreves/Library/Application Support/Titanium/plugins/hyperloop/2.2.3
[DEBUG]  Looking for Titanium plugin id=ti.alloy version=1.0
[INFO]   Found Titanium plugin id=ti.alloy version=1.0 
[TRACE]  Snapshotting build directory
[DEBUG]  Checking if log server port 28880 is available
[DEBUG]  Log server port 28880 is available
[DEBUG]  Titanium SDK iOS directory: /Users/maartendreves/Library/Application Support/Titanium/mobilesdk/osx/7.0.1.GA/iphone
[INFO]   Deploy type: development
[INFO]   Building for target: simulator
[INFO]   Building using iOS SDK: 11.4
[INFO]   Building for iOS Simulator: iPhone X
[DEBUG]  UDID: 2857D3C1-2571-4234-A7D7-4F7A2BA63C82
[DEBUG]  Simulator type: iphone
[DEBUG]  Simulator version: 11.4
[INFO]   Building for device family: universal
[DEBUG]  Setting Xcode target to Debug
[DEBUG]  Setting Xcode build OS to iphonesimulator
[DEBUG]  Xcode installation: /Applications/Xcode.app/Contents/Developer
[DEBUG]  iOS WWDR certificate: installed
[INFO]   Team ID: n/a
[INFO]   Minimum iOS version: 8.0
[INFO]   Logging enabled on port 28880
[INFO]   Debugging disabled
[INFO]   Profiler disabled
[INFO]   Set to copy files instead of symlinking
[INFO]   Initializing the build directory
[INFO]   Found Alloy app in /Users/maartendreves/Apps/Projects/6i.menus/app
[INFO]   Executing Alloy compile: /usr/local/bin/node /Users/maartendreves/.appcelerator/install/7.0.4/package/node_modules/alloy/bin/alloy compile /Users/maartendreves/Apps/Projects/6i.menus/app --config platform=ios,version=0,simtype=none,devicefamily=universal,deploytype=development,target=simulator --no-colors
[DEBUG]         .__  .__                
[DEBUG]  _____  |  | |  |   ____ ___.__.
[DEBUG]  \__  \ |  | |  |  /  _ <   |  |
[DEBUG]   / __ \|  |_|  |_(  <_> )___  |
[DEBUG]  (____  /____/____/\____// ____|
[DEBUG]       \/                 \/
[DEBUG]  Alloy 1.12.0 by Appcelerator. The MVC app framework for Titanium.
[DEBUG]  ----- CONFIGURATION -----
[DEBUG]  raw config = "platform=ios,version=0,simtype=none,devicefamily=universal,deploytype=development,target=simulator"
[DEBUG]  platform = ios
[DEBUG]  version = 0
[DEBUG]  simtype = none
[DEBUG]  devicefamily = universal
[DEBUG]  deploytype = development
[DEBUG]  target = simulator
[DEBUG]  project path = /Users/maartendreves/Apps/Projects/6i.menus
[DEBUG]  app path = /Users/maartendreves/Apps/Projects/6i.menus/app
[DEBUG]  
[DEBUG]  ----- CONFIG.JSON -----
[DEBUG]  dependencies = {"6i.menus":"0.1"}
[INFO]   [config.json] config.json unchanged, using cached config.json...
[DEBUG]  {
[DEBUG]  "dependencies": {
[DEBUG]  "6i.menus": "0.1"
[DEBUG]  },
[DEBUG]  "theme": "default",
[DEBUG]  "sourcemap": true,
[DEBUG]  "autoStyle": false,
[DEBUG]  "adapters": [
[DEBUG]  "localStorage",
[DEBUG]  "properties",
[DEBUG]  "sql"
[DEBUG]  ]
[DEBUG]  }
[DEBUG]  
[DEBUG]  ----- CLEANING RESOURCES -----
[DEBUG]  Removing orphaned controllers ...
[DEBUG]  Removing orphaned models ...
[DEBUG]  Removing orphaned styles ...
[DEBUG]  Removing orphaned sync adapters...
[DEBUG]  Removing orphaned assets and libs...
[DEBUG]  
[DEBUG]  ----- BASE RUNTIME FILES -----
[TRACE]  SRC_DIR=/Users/maartendreves/.appcelerator/install/7.0.4/package/node_modules/alloy/Alloy/lib
[TRACE]  Copying SRC_DIR/alloy/widget.js --> Resources/iphone/alloy/widget.js
[TRACE]  Copying SRC_DIR/alloy/underscore.js --> Resources/iphone/alloy/underscore.js
[TRACE]  Copying SRC_DIR/alloy/sync/sql.js --> Resources/iphone/alloy/sync/sql.js
[TRACE]  Copying SRC_DIR/alloy/sync/properties.js --> Resources/iphone/alloy/sync/properties.js
[TRACE]  Copying SRC_DIR/alloy/sync/localStorage.js --> Resources/iphone/alloy/sync/localStorage.js
[TRACE]  Copying SRC_DIR/alloy/controllers/BaseController.js --> Resources/iphone/alloy/controllers/BaseController.js
[TRACE]  
[TRACE]  Generating ../Users/maartendreves/Apps/Projects/6i.menus/Resources/iphone/alloy.js
[TRACE]  SRC_DIR=/Users/maartendreves/.appcelerator/install/7.0.4/package/node_modules/alloy/Alloy/common
[TRACE]  Copying SRC_DIR/constants.js --> Resources/iphone/alloy/constants.js
[TRACE]  
[TRACE]  SRC_DIR=/Users/maartendreves/Apps/Projects/6i.menus/app/assets
[TRACE]  
[DEBUG]  Resetting /Users/maartendreves/Apps/Projects/6i.menus/platform/ios
[DEBUG]  
[DEBUG]  Resetting /Users/maartendreves/Apps/Projects/6i.menus/i18n
[DEBUG]  
[INFO]   ----- MVC GENERATION -----
[INFO]   [global style] loading from cache...
[INFO]   [button.xml] 6i.menus view processing...
[INFO]   style:      "button.tss"
[INFO]   theme:      "DEFAULT/button.tss"
[INFO]   view:       "button.xml"
[WARN]   <View> at line 3 is using this view's default ID "button". Only a top-level element in a view should use the default ID
[INFO]   controller: "button.js"
[TRACE]  WIDGET_SRC=app/widgets/6i.menus/assets
[TRACE]  
[TRACE]  Processing themed widgets
[INFO]   created:    "Resources/iphone/alloy/widgets/6i.menus/controllers/button.js"
[INFO]   created:     "Resources/iphone/alloy/widgets/6i.menus/styles/button.js"
[INFO]   [row.xml] 6i.menus view processing...
[INFO]   style:      "row.tss"
[INFO]   theme:      "DEFAULT/row.tss"
[INFO]   view:       "row.xml"
[INFO]   controller: "row.js"
[TRACE]  WIDGET_SRC=app/widgets/6i.menus/assets
[TRACE]  
[TRACE]  Processing themed widgets
[INFO]   created:    "Resources/iphone/alloy/widgets/6i.menus/controllers/row.js"
[INFO]   created:     "Resources/iphone/alloy/widgets/6i.menus/styles/row.js"
[INFO]   [widget.xml] 6i.menus view processing...
[INFO]   style:      "widget.tss"
[INFO]   theme:      "DEFAULT/widget.tss"
[INFO]   view:       "widget.xml"
[INFO]   controller: "widget.js"
[TRACE]  WIDGET_SRC=app/widgets/6i.menus/assets
[TRACE]  
[TRACE]  Processing themed widgets
[INFO]   created:    "Resources/iphone/alloy/widgets/6i.menus/controllers/widget.js"
[INFO]   created:     "Resources/iphone/alloy/widgets/6i.menus/styles/widget.js"
[INFO]   [index.xml] view processing...
[INFO]   style:      "index.tss"
[INFO]   view:       "index.xml"
[WARN]   [xmldom warning]	attribute "null" missed quot(")!!
[WARN]   @#[line:12,col:4]
[WARN]   [xmldom warning]	attribute "true" missed quot(")!!
[WARN]   @#[line:13,col:4]
[WARN]   [xmldom warning]	attribute "undefined" missed quot(")!!
[WARN]   @#[line:16,col:4]
[INFO]   controller: "index.js"
[INFO]   created:    "Resources/iphone/alloy/controllers/index.js"
[INFO]   created:     "Resources/iphone/alloy/styles/index.js"
[INFO]   
[INFO]   [app.js] using cached app.js...
[INFO]   
[INFO]   ----- OPTIMIZING -----
[INFO]   - iphone/alloy.js
[INFO]   - iphone/alloy/sync/localStorage.js
[INFO]   - iphone/alloy/sync/properties.js
[INFO]   - iphone/alloy/sync/sql.js
[INFO]   - iphone/alloy/widgets/6i.menus/styles/button.js
[INFO]   - iphone/alloy/widgets/6i.menus/styles/row.js
[INFO]   - iphone/alloy/widgets/6i.menus/styles/widget.js
[TRACE]  
[TRACE]  Benchmarking
[TRACE]  ------------
[TRACE]  [0.91853s] TOTAL
[INFO]   
[INFO]   Alloy compiled in 0.91853s
[INFO]   Alloy compiler completed successfully
[TRACE]  Starting third-party framework detection
[TRACE]  Scanning /Users/maartendreves/Apps/Projects/6i.menus/platform/ios for frameworks
[TRACE]  offline build file /var/folders/2m/g1r4w0y56j7c3wwrcb8b1c780000gn/T/build-8ff97b80a2531bf04e61b66a719dd89b3fdc7e37.json
[TRACE]  online 1
[TRACE]  optimizing build, last build was 66570.496 sec ago
[INFO]   Creating Xcode project
[TRACE]  Removing pre-compile phase
[TRACE]  No native module libraries to add
[TRACE]  No extensions to add
[TRACE]  No change, skipping /Users/maartendreves/Apps/Projects/6i.menus/build/iphone/MenuWidget.xcodeproj/project.pbxproj
[INFO]   Creating Entitlements.plist
[TRACE]  No change, skipping /Users/maartendreves/Apps/Projects/6i.menus/build/iphone/MenuWidget.entitlements
[INFO]   Creating Info.plist
[DEBUG]  Checking for Splash Screen localization
[INFO]   Disabling ATS
[TRACE]  No change, skipping /Users/maartendreves/Apps/Projects/6i.menus/build/iphone/Info.plist
[INFO]   Creating main.m
[TRACE]  No change, skipping /Users/maartendreves/Apps/Projects/6i.menus/build/iphone/main.m
[INFO]   Creating Xcode config files
[TRACE]  No change, skipping /Users/maartendreves/Apps/Projects/6i.menus/build/iphone/project.xcconfig
[TRACE]  No change, skipping /Users/maartendreves/Apps/Projects/6i.menus/build/iphone/module.xcconfig
[INFO]   Copying Titanium libraries
[TRACE]  No change, skipping /Users/maartendreves/Apps/Projects/6i.menus/build/iphone/lib/libTiCore.a
[TRACE]  No change, skipping /Users/maartendreves/Apps/Projects/6i.menus/build/iphone/lib/libtiverify.a
[TRACE]  No change, skipping /Users/maartendreves/Apps/Projects/6i.menus/build/iphone/lib/libti_ios_debugger.a
[TRACE]  No change, skipping /Users/maartendreves/Apps/Projects/6i.menus/build/iphone/lib/libti_ios_profiler.a
[INFO]   Copying Titanium iOS files
[TRACE]  Skipping Classes/ApplicationRouting.m, it'll be processed later
[TRACE]  No change, skipping /Users/maartendreves/Apps/Projects/6i.menus/build/iphone/MenuWidget_Prefix.pch
[TRACE]  No change, skipping /Users/maartendreves/Apps/Projects/6i.menus/build/iphone/MenuWidget.xcodeproj/xcshareddata/xcschemes/MenuWidget.xcscheme
[INFO]   Installing default LaunchScreen.storyboard
[TRACE]  No change, skipping /Users/maartendreves/Apps/Projects/6i.menus/build/iphone/LaunchScreen.storyboard
[INFO]   Creating debugger and profiler plists
[DEBUG]  Skipping /Users/maartendreves/Apps/Projects/6i.menus/build/iphone/build/Products/Debug-iphonesimulator/MenuWidget.app/debugger.plist
[DEBUG]  Skipping /Users/maartendreves/Apps/Projects/6i.menus/build/iphone/build/Products/Debug-iphonesimulator/MenuWidget.app/profiler.plist
[INFO]   Analyzing Resources directory
[INFO]   Analyzing platform files
[INFO]   Analyzing module files
[INFO]   Analyzing localized launch images
[INFO]   Analyzing CommonJS modules
[INFO]   Creating asset catalog
[TRACE]  No change, skipping /Users/maartendreves/Apps/Projects/6i.menus/build/iphone/Assets.xcassets/Contents.json
[INFO]   Creating app icon set
[TRACE]  Found generated 29x29 app icon: /Users/maartendreves/Apps/Projects/6i.menus/build/iphone/Assets.xcassets/AppIcon.appiconset/appicon-Small.png
[TRACE]  Found generated 58x58 app icon: /Users/maartendreves/Apps/Projects/6i.menus/build/iphone/Assets.xcassets/AppIcon.appiconset/appicon-Small@2x.png
[TRACE]  Found generated 87x87 app icon: /Users/maartendreves/Apps/Projects/6i.menus/build/iphone/Assets.xcassets/AppIcon.appiconset/appicon-Small@3x.png
[TRACE]  Found generated 40x40 app icon: /Users/maartendreves/Apps/Projects/6i.menus/build/iphone/Assets.xcassets/AppIcon.appiconset/appicon-Small-40.png
[TRACE]  Found generated 80x80 app icon: /Users/maartendreves/Apps/Projects/6i.menus/build/iphone/Assets.xcassets/AppIcon.appiconset/appicon-Small-40@2x.png
[TRACE]  Found generated 120x120 app icon: /Users/maartendreves/Apps/Projects/6i.menus/build/iphone/Assets.xcassets/AppIcon.appiconset/appicon-Small-40@3x.png
[TRACE]  Found generated 120x120 app icon: /Users/maartendreves/Apps/Projects/6i.menus/build/iphone/Assets.xcassets/AppIcon.appiconset/appicon-60@2x.png
[TRACE]  Found generated 180x180 app icon: /Users/maartendreves/Apps/Projects/6i.menus/build/iphone/Assets.xcassets/AppIcon.appiconset/appicon-60@3x.png
[TRACE]  Found generated 76x76 app icon: /Users/maartendreves/Apps/Projects/6i.menus/build/iphone/Assets.xcassets/AppIcon.appiconset/appicon-76.png
[TRACE]  Found generated 152x152 app icon: /Users/maartendreves/Apps/Projects/6i.menus/build/iphone/Assets.xcassets/AppIcon.appiconset/appicon-76@2x.png
[TRACE]  Found generated 167x167 app icon: /Users/maartendreves/Apps/Projects/6i.menus/build/iphone/Assets.xcassets/AppIcon.appiconset/appicon-83.5@2x.png
[TRACE]  Found generated 1024x1024 app icon: /Users/maartendreves/Apps/Projects/6i.menus/build/iphone/Assets.xcassets/AppIcon.appiconset/appicon-Marketing.png
[TRACE]  No change, skipping /Users/maartendreves/Apps/Projects/6i.menus/build/iphone/Assets.xcassets/AppIcon.appiconset/Contents.json
[INFO]   Creating launch logo image set
[TRACE]  Found generated 320x320 launch logo: /Users/maartendreves/Apps/Projects/6i.menus/build/iphone/Assets.xcassets/LaunchLogo.imageset/LaunchLogo~iphone.png
[TRACE]  Found generated 374x374 launch logo: /Users/maartendreves/Apps/Projects/6i.menus/build/iphone/Assets.xcassets/LaunchLogo.imageset/LaunchLogo@2x~iphone.png
[TRACE]  Found generated 621x621 launch logo: /Users/maartendreves/Apps/Projects/6i.menus/build/iphone/Assets.xcassets/LaunchLogo.imageset/LaunchLogo@3x~iphone.png
[TRACE]  Found generated 384x384 launch logo: /Users/maartendreves/Apps/Projects/6i.menus/build/iphone/Assets.xcassets/LaunchLogo.imageset/LaunchLogo~ipad.png
[TRACE]  Found generated 1024x1024 launch logo: /Users/maartendreves/Apps/Projects/6i.menus/build/iphone/Assets.xcassets/LaunchLogo.imageset/LaunchLogo@2x~ipad.png
[TRACE]  No change, skipping /Users/maartendreves/Apps/Projects/6i.menus/build/iphone/Assets.xcassets/LaunchLogo.imageset/Contents.json
[INFO]   Creating launch image set
[DEBUG]  Unsupported launch image Resources/iphone/Default.png, skipping
[TRACE]  No change, skipping /Users/maartendreves/Apps/Projects/6i.menus/build/iphone/Assets.xcassets/LaunchImage.launchimage/Contents.json
[INFO]   Creating assets image set
[DEBUG]  Copying resources
[DEBUG]  Overwriting /Users/maartendreves/Apps/Projects/6i.menus/platform/ios/alloy_generated => /Users/maartendreves/Apps/Projects/6i.menus/build/iphone/alloy_generated
[TRACE]  No change, skipping /Users/maartendreves/Apps/Projects/6i.menus/build/iphone/Assets.xcassets/LaunchImage.launchimage/Default-568h@2x.png
[TRACE]  No change, skipping /Users/maartendreves/Apps/Projects/6i.menus/build/iphone/Assets.xcassets/LaunchImage.launchimage/Default-667h@2x.png
[TRACE]  No change, skipping /Users/maartendreves/Apps/Projects/6i.menus/build/iphone/Assets.xcassets/LaunchImage.launchimage/Default-Landscape-2436h@3x.png
[TRACE]  No change, skipping /Users/maartendreves/Apps/Projects/6i.menus/build/iphone/Assets.xcassets/LaunchImage.launchimage/Default-Landscape-736h@3x.png
[TRACE]  No change, skipping /Users/maartendreves/Apps/Projects/6i.menus/build/iphone/Assets.xcassets/LaunchImage.launchimage/Default-Landscape.png
[TRACE]  No change, skipping /Users/maartendreves/Apps/Projects/6i.menus/build/iphone/Assets.xcassets/LaunchImage.launchimage/Default-Landscape@2x.png
[TRACE]  No change, skipping /Users/maartendreves/Apps/Projects/6i.menus/build/iphone/Assets.xcassets/LaunchImage.launchimage/Default-Portrait-2436h@3x.png
[TRACE]  No change, skipping /Users/maartendreves/Apps/Projects/6i.menus/build/iphone/Assets.xcassets/LaunchImage.launchimage/Default-Portrait-736h@3x.png
[TRACE]  No change, skipping /Users/maartendreves/Apps/Projects/6i.menus/build/iphone/Assets.xcassets/LaunchImage.launchimage/Default-Portrait.png
[TRACE]  No change, skipping /Users/maartendreves/Apps/Projects/6i.menus/build/iphone/Assets.xcassets/LaunchImage.launchimage/Default-Portrait@2x.png
[TRACE]  No change, skipping /Users/maartendreves/Apps/Projects/6i.menus/build/iphone/Assets.xcassets/LaunchImage.launchimage/Default@2x.png
[DEBUG]  Copying CSS files
[INFO]   Processing JavaScript files
[DEBUG]  Overwriting /Users/maartendreves/Apps/Projects/6i.menus/Resources/.liveviewapp.js => /Users/maartendreves/Apps/Projects/6i.menus/build/iphone/build/Products/Debug-iphonesimulator/MenuWidget.app/.liveviewapp.js
[DEBUG]  Overwriting /Users/maartendreves/Apps/Projects/6i.menus/Resources/iphone/alloy/CFG.js => /Users/maartendreves/Apps/Projects/6i.menus/build/iphone/build/Products/Debug-iphonesimulator/MenuWidget.app/alloy/CFG.js
[DEBUG]  Overwriting /var/folders/2m/g1r4w0y56j7c3wwrcb8b1c780000gn/T/liveview.js => /Users/maartendreves/Apps/Projects/6i.menus/build/iphone/build/Products/Debug-iphonesimulator/MenuWidget.app/app.js
[DEBUG]  Overwriting /Users/maartendreves/Apps/Projects/6i.menus/Resources/iphone/alloy/backbone.js => /Users/maartendreves/Apps/Projects/6i.menus/build/iphone/build/Products/Debug-iphonesimulator/MenuWidget.app/alloy/backbone.js
[DEBUG]  Overwriting /Users/maartendreves/Apps/Projects/6i.menus/Resources/iphone/alloy/constants.js => /Users/maartendreves/Apps/Projects/6i.menus/build/iphone/build/Products/Debug-iphonesimulator/MenuWidget.app/alloy/constants.js
[DEBUG]  Overwriting /Users/maartendreves/Apps/Projects/6i.menus/Resources/iphone/alloy/controllers/BaseController.js => /Users/maartendreves/Apps/Projects/6i.menus/build/iphone/build/Products/Debug-iphonesimulator/MenuWidget.app/alloy/controllers/BaseController.js
[DEBUG]  Overwriting /Users/maartendreves/Apps/Projects/6i.menus/Resources/iphone/alloy/controllers/index.js => /Users/maartendreves/Apps/Projects/6i.menus/build/iphone/build/Products/Debug-iphonesimulator/MenuWidget.app/alloy/controllers/index.js
[DEBUG]  Overwriting /Users/maartendreves/Apps/Projects/6i.menus/Resources/iphone/alloy/styles/index.js => /Users/maartendreves/Apps/Projects/6i.menus/build/iphone/build/Products/Debug-iphonesimulator/MenuWidget.app/alloy/styles/index.js
[DEBUG]  Overwriting /Users/maartendreves/Apps/Projects/6i.menus/Resources/iphone/alloy/sync/localStorage.js => /Users/maartendreves/Apps/Projects/6i.menus/build/iphone/build/Products/Debug-iphonesimulator/MenuWidget.app/alloy/sync/localStorage.js
[DEBUG]  Overwriting /Users/maartendreves/Apps/Projects/6i.menus/Resources/iphone/alloy/sync/properties.js => /Users/maartendreves/Apps/Projects/6i.menus/build/iphone/build/Products/Debug-iphonesimulator/MenuWidget.app/alloy/sync/properties.js
[DEBUG]  Overwriting /Users/maartendreves/Apps/Projects/6i.menus/Resources/iphone/alloy/sync/sql.js => /Users/maartendreves/Apps/Projects/6i.menus/build/iphone/build/Products/Debug-iphonesimulator/MenuWidget.app/alloy/sync/sql.js
[DEBUG]  Overwriting /Users/maartendreves/Apps/Projects/6i.menus/Resources/iphone/alloy/underscore.js => /Users/maartendreves/Apps/Projects/6i.menus/build/iphone/build/Products/Debug-iphonesimulator/MenuWidget.app/alloy/underscore.js
[DEBUG]  Overwriting /Users/maartendreves/Apps/Projects/6i.menus/Resources/iphone/alloy/widget.js => /Users/maartendreves/Apps/Projects/6i.menus/build/iphone/build/Products/Debug-iphonesimulator/MenuWidget.app/alloy/widget.js
[DEBUG]  Overwriting /Users/maartendreves/Apps/Projects/6i.menus/Resources/iphone/alloy/widgets/6i.menus/controllers/button.js => /Users/maartendreves/Apps/Projects/6i.menus/build/iphone/build/Products/Debug-iphonesimulator/MenuWidget.app/alloy/widgets/6i.menus/controllers/button.js
[DEBUG]  Overwriting /Users/maartendreves/Apps/Projects/6i.menus/Resources/iphone/alloy/widgets/6i.menus/controllers/row.js => /Users/maartendreves/Apps/Projects/6i.menus/build/iphone/build/Products/Debug-iphonesimulator/MenuWidget.app/alloy/widgets/6i.menus/controllers/row.js
[DEBUG]  Overwriting /Users/maartendreves/Apps/Projects/6i.menus/Resources/iphone/alloy/widgets/6i.menus/controllers/widget.js => /Users/maartendreves/Apps/Projects/6i.menus/build/iphone/build/Products/Debug-iphonesimulator/MenuWidget.app/alloy/widgets/6i.menus/controllers/widget.js
[DEBUG]  Overwriting /Users/maartendreves/Apps/Projects/6i.menus/Resources/iphone/alloy/widgets/6i.menus/styles/button.js => /Users/maartendreves/Apps/Projects/6i.menus/build/iphone/build/Products/Debug-iphonesimulator/MenuWidget.app/alloy/widgets/6i.menus/styles/button.js
[DEBUG]  Overwriting /Users/maartendreves/Apps/Projects/6i.menus/Resources/iphone/alloy/widgets/6i.menus/styles/row.js => /Users/maartendreves/Apps/Projects/6i.menus/build/iphone/build/Products/Debug-iphonesimulator/MenuWidget.app/alloy/widgets/6i.menus/styles/row.js
[DEBUG]  Overwriting /Users/maartendreves/Apps/Projects/6i.menus/Resources/iphone/alloy/widgets/6i.menus/styles/widget.js => /Users/maartendreves/Apps/Projects/6i.menus/build/iphone/build/Products/Debug-iphonesimulator/MenuWidget.app/alloy/widgets/6i.menus/styles/widget.js
[DEBUG]  Overwriting /Users/maartendreves/Apps/Projects/6i.menus/Resources/iphone/alloy.js => /Users/maartendreves/Apps/Projects/6i.menus/build/iphone/build/Products/Debug-iphonesimulator/MenuWidget.app/alloy.js
[INFO]   Writing app properties
[TRACE]  No change, skipping /Users/maartendreves/Apps/Projects/6i.menus/build/iphone/build/Products/Debug-iphonesimulator/MenuWidget.app/_app_props_.json
[DEBUG]  Using default application routing
[TRACE]  No change, skipping /Users/maartendreves/Apps/Projects/6i.menus/build/iphone/Classes/ApplicationRouting.m
[INFO]   Writing i18n files
[DEBUG]  Compiling localization files
[DEBUG]  No i18n files to process
[INFO]   Processing Titanium symbols
[DEBUG]  Processing Titanium namespace resources
[TRACE]  No change, skipping /Users/maartendreves/Apps/Projects/6i.menus/build/iphone/build/Products/Debug-iphonesimulator/MenuWidget.app/modules/ui/images/badge.png
[TRACE]  No change, skipping /Users/maartendreves/Apps/Projects/6i.menus/build/iphone/build/Products/Debug-iphonesimulator/MenuWidget.app/modules/ui/images/closeButton.png
[TRACE]  No change, skipping /Users/maartendreves/Apps/Projects/6i.menus/build/iphone/build/Products/Debug-iphonesimulator/MenuWidget.app/modules/ui/images/photoDefault.png
[TRACE]  No change, skipping /Users/maartendreves/Apps/Projects/6i.menus/build/iphone/Classes/defines.h
[INFO]   Removing files
[DEBUG]  Removing empty directories
[INFO]   Skipping xcodebuild
[INFO]   Finished building the application in 4s 741ms
[INFO]   Launching iOS Simulator
[TRACE]  [ioslib] Selected iOS Simulator: iPhone X
[TRACE]  [ioslib]   UDID    = 2857D3C1-2571-4234-A7D7-4F7A2BA63C82
[TRACE]  [ioslib]   iOS     = 11.4
[TRACE]  [ioslib] Autoselected Xcode: 9.4.1
[TRACE]  [ioslib] Checking if the simulator /Applications/Xcode.app/Contents/Developer/Applications/Simulator.app/Contents/MacOS/Simulator is already running
[TRACE]  [ioslib] Simulator is running (pid 78475)
[TRACE]  [ioslib] Waiting for simulator to boot...
[TRACE]  [ioslib] Simulator is booted!
[TRACE]  [ioslib] iPhone X Simulator already running with the correct UDID
[TRACE]  [ioslib] Tailing iPhone X Simulator system log: /Users/maartendreves/Library/Logs/CoreSimulator/2857D3C1-2571-4234-A7D7-4F7A2BA63C82/system.log
[TRACE]  [ioslib] Running: osascript "/Users/maartendreves/Library/Application Support/Titanium/mobilesdk/osx/7.0.1.GA/node_modules/ioslib/lib/sim_focus.scpt" "Simulator"
[TRACE]  [ioslib] iPhone X Simulator successfully focused
[TRACE]  [ioslib] Installing the app
[TRACE]  [ioslib] App launched
[TRACE]  [ioslib] Trying to connect to log server port 28880...